{"C:\\Users\\User\\Desktop\\Nicolás\\Portfolio in english and with testing modules\\pokedex-main\\source\\classOneTypePokemon.js": {"path":"C:\\Users\\User\\Desktop\\Nicolás\\Portfolio in english and with testing modules\\pokedex-main\\source\\classOneTypePokemon.js","statementMap":{"0":{"start":{"line":5,"column":4},"end":{"line":5,"column":41}},"1":{"start":{"line":6,"column":4},"end":{"line":6,"column":52}},"2":{"start":{"line":7,"column":4},"end":{"line":7,"column":42}},"3":{"start":{"line":8,"column":4},"end":{"line":8,"column":42}},"4":{"start":{"line":9,"column":4},"end":{"line":9,"column":52}},"5":{"start":{"line":13,"column":27},"end":{"line":13,"column":70}},"6":{"start":{"line":14,"column":4},"end":{"line":14,"column":64}},"7":{"start":{"line":14,"column":40},"end":{"line":14,"column":62}},"8":{"start":{"line":15,"column":33},"end":{"line":15,"column":66}},"9":{"start":{"line":16,"column":29},"end":{"line":16,"column":55}},"10":{"start":{"line":17,"column":4},"end":{"line":17,"column":169}}},"fnMap":{"0":{"name":"(anonymous_0)","decl":{"start":{"line":4,"column":2},"end":{"line":4,"column":3}},"loc":{"start":{"line":4,"column":56},"end":{"line":10,"column":3}},"line":4},"1":{"name":"(anonymous_1)","decl":{"start":{"line":12,"column":2},"end":{"line":12,"column":3}},"loc":{"start":{"line":12,"column":21},"end":{"line":18,"column":3}},"line":12},"2":{"name":"(anonymous_2)","decl":{"start":{"line":14,"column":27},"end":{"line":14,"column":28}},"loc":{"start":{"line":14,"column":40},"end":{"line":14,"column":62}},"line":14}},"branchMap":{},"s":{"0":0,"1":0,"2":0,"3":0,"4":0,"5":0,"6":0,"7":0,"8":0,"9":0,"10":0},"f":{"0":0,"1":0,"2":0},"b":{},"_coverageSchema":"1a1c01bbd47fc00a2c39e90264f33305004495a9","hash":"6d166e9370444e02a8b4dc14973a147af5b7eee5"}
,"C:\\Users\\User\\Desktop\\Nicolás\\Portfolio in english and with testing modules\\pokedex-main\\source\\classTwoTypePokemon.js": {"path":"C:\\Users\\User\\Desktop\\Nicolás\\Portfolio in english and with testing modules\\pokedex-main\\source\\classTwoTypePokemon.js","statementMap":{"0":{"start":{"line":5,"column":4},"end":{"line":5,"column":41}},"1":{"start":{"line":6,"column":4},"end":{"line":6,"column":52}},"2":{"start":{"line":7,"column":4},"end":{"line":7,"column":42}},"3":{"start":{"line":8,"column":4},"end":{"line":8,"column":42}},"4":{"start":{"line":9,"column":4},"end":{"line":9,"column":52}},"5":{"start":{"line":10,"column":4},"end":{"line":10,"column":53}},"6":{"start":{"line":14,"column":27},"end":{"line":14,"column":70}},"7":{"start":{"line":15,"column":4},"end":{"line":15,"column":64}},"8":{"start":{"line":15,"column":40},"end":{"line":15,"column":62}},"9":{"start":{"line":16,"column":33},"end":{"line":16,"column":66}},"10":{"start":{"line":17,"column":29},"end":{"line":17,"column":55}},"11":{"start":{"line":18,"column":4},"end":{"line":18,"column":188}}},"fnMap":{"0":{"name":"(anonymous_0)","decl":{"start":{"line":4,"column":2},"end":{"line":4,"column":3}},"loc":{"start":{"line":4,"column":56},"end":{"line":11,"column":3}},"line":4},"1":{"name":"(anonymous_1)","decl":{"start":{"line":13,"column":2},"end":{"line":13,"column":3}},"loc":{"start":{"line":13,"column":21},"end":{"line":19,"column":3}},"line":13},"2":{"name":"(anonymous_2)","decl":{"start":{"line":15,"column":27},"end":{"line":15,"column":28}},"loc":{"start":{"line":15,"column":40},"end":{"line":15,"column":62}},"line":15}},"branchMap":{},"s":{"0":0,"1":0,"2":0,"3":0,"4":0,"5":0,"6":0,"7":0,"8":0,"9":0,"10":0,"11":0},"f":{"0":0,"1":0,"2":0},"b":{},"_coverageSchema":"1a1c01bbd47fc00a2c39e90264f33305004495a9","hash":"49e5a2425136b25b24fad21f7a1105f51405047b"}
,"C:\\Users\\User\\Desktop\\Nicolás\\Portfolio in english and with testing modules\\pokedex-main\\source\\functions.js": {"path":"C:\\Users\\User\\Desktop\\Nicolás\\Portfolio in english and with testing modules\\pokedex-main\\source\\functions.js","statementMap":{"0":{"start":{"line":6,"column":26},"end":{"line":6,"column":39}},"1":{"start":{"line":7,"column":30},"end":{"line":7,"column":47}},"2":{"start":{"line":8,"column":26},"end":{"line":8,"column":39}},"3":{"start":{"line":11,"column":2},"end":{"line":13,"column":5}},"4":{"start":{"line":12,"column":4},"end":{"line":12,"column":49}},"5":{"start":{"line":17,"column":25},"end":{"line":17,"column":37}},"6":{"start":{"line":18,"column":29},"end":{"line":18,"column":46}},"7":{"start":{"line":19,"column":15},"end":{"line":19,"column":17}},"8":{"start":{"line":22,"column":19},"end":{"line":22,"column":51}},"9":{"start":{"line":24,"column":4},"end":{"line":51,"column":5}},"10":{"start":{"line":25,"column":25},"end":{"line":25,"column":57}},"11":{"start":{"line":26,"column":6},"end":{"line":26,"column":43}},"12":{"start":{"line":27,"column":11},"end":{"line":51,"column":5}},"13":{"start":{"line":28,"column":30},"end":{"line":28,"column":51}},"14":{"start":{"line":29,"column":25},"end":{"line":29,"column":57}},"15":{"start":{"line":30,"column":6},"end":{"line":30,"column":72}},"16":{"start":{"line":31,"column":11},"end":{"line":51,"column":5}},"17":{"start":{"line":32,"column":30},"end":{"line":32,"column":51}},"18":{"start":{"line":33,"column":30},"end":{"line":33,"column":51}},"19":{"start":{"line":34,"column":25},"end":{"line":34,"column":57}},"20":{"start":{"line":35,"column":6},"end":{"line":35,"column":101}},"21":{"start":{"line":36,"column":11},"end":{"line":51,"column":5}},"22":{"start":{"line":37,"column":25},"end":{"line":37,"column":57}},"23":{"start":{"line":38,"column":28},"end":{"line":38,"column":42}},"24":{"start":{"line":39,"column":6},"end":{"line":39,"column":46}},"25":{"start":{"line":40,"column":11},"end":{"line":51,"column":5}},"26":{"start":{"line":41,"column":30},"end":{"line":41,"column":51}},"27":{"start":{"line":42,"column":25},"end":{"line":42,"column":57}},"28":{"start":{"line":43,"column":28},"end":{"line":43,"column":42}},"29":{"start":{"line":44,"column":6},"end":{"line":44,"column":75}},"30":{"start":{"line":45,"column":11},"end":{"line":51,"column":5}},"31":{"start":{"line":46,"column":30},"end":{"line":46,"column":51}},"32":{"start":{"line":47,"column":30},"end":{"line":47,"column":51}},"33":{"start":{"line":48,"column":25},"end":{"line":48,"column":57}},"34":{"start":{"line":49,"column":28},"end":{"line":49,"column":42}},"35":{"start":{"line":50,"column":6},"end":{"line":50,"column":104}},"36":{"start":{"line":54,"column":2},"end":{"line":64,"column":3}},"37":{"start":{"line":55,"column":4},"end":{"line":55,"column":18}},"38":{"start":{"line":56,"column":9},"end":{"line":64,"column":3}},"39":{"start":{"line":57,"column":4},"end":{"line":57,"column":18}},"40":{"start":{"line":58,"column":9},"end":{"line":64,"column":3}},"41":{"start":{"line":59,"column":4},"end":{"line":59,"column":17}},"42":{"start":{"line":60,"column":9},"end":{"line":64,"column":3}},"43":{"start":{"line":61,"column":4},"end":{"line":61,"column":17}},"44":{"start":{"line":63,"column":4},"end":{"line":63,"column":17}},"45":{"start":{"line":66,"column":2},"end":{"line":90,"column":7}},"46":{"start":{"line":67,"column":24},"end":{"line":67,"column":39}},"47":{"start":{"line":69,"column":27},"end":{"line":69,"column":54}},"48":{"start":{"line":70,"column":40},"end":{"line":70,"column":78}},"49":{"start":{"line":71,"column":6},"end":{"line":89,"column":11}},"50":{"start":{"line":72,"column":31},"end":{"line":72,"column":49}},"51":{"start":{"line":74,"column":10},"end":{"line":88,"column":11}},"52":{"start":{"line":75,"column":31},"end":{"line":79,"column":13}},"53":{"start":{"line":80,"column":12},"end":{"line":80,"column":42}},"54":{"start":{"line":82,"column":31},"end":{"line":86,"column":13}},"55":{"start":{"line":87,"column":12},"end":{"line":87,"column":42}},"56":{"start":{"line":94,"column":2},"end":{"line":107,"column":5}},"57":{"start":{"line":95,"column":24},"end":{"line":95,"column":46}},"58":{"start":{"line":96,"column":26},"end":{"line":96,"column":58}},"59":{"start":{"line":97,"column":4},"end":{"line":97,"column":34}},"60":{"start":{"line":98,"column":4},"end":{"line":98,"column":40}},"61":{"start":{"line":99,"column":4},"end":{"line":99,"column":39}},"62":{"start":{"line":100,"column":4},"end":{"line":100,"column":43}},"63":{"start":{"line":101,"column":4},"end":{"line":101,"column":31}},"64":{"start":{"line":102,"column":4},"end":{"line":102,"column":43}},"65":{"start":{"line":104,"column":4},"end":{"line":106,"column":6}},"66":{"start":{"line":105,"column":6},"end":{"line":105,"column":15}},"67":{"start":{"line":111,"column":2},"end":{"line":115,"column":5}},"68":{"start":{"line":112,"column":24},"end":{"line":112,"column":43}},"69":{"start":{"line":113,"column":4},"end":{"line":113,"column":21}},"70":{"start":{"line":114,"column":4},"end":{"line":114,"column":150}},"71":{"start":{"line":119,"column":2},"end":{"line":121,"column":5}},"72":{"start":{"line":120,"column":4},"end":{"line":120,"column":31}},"73":{"start":{"line":125,"column":2},"end":{"line":127,"column":3}},"74":{"start":{"line":126,"column":4},"end":{"line":126,"column":35}},"75":{"start":{"line":131,"column":2},"end":{"line":131,"column":34}}},"fnMap":{"0":{"name":"getName","decl":{"start":{"line":10,"column":16},"end":{"line":10,"column":23}},"loc":{"start":{"line":10,"column":35},"end":{"line":14,"column":1}},"line":10},"1":{"name":"applyName","decl":{"start":{"line":11,"column":36},"end":{"line":11,"column":45}},"loc":{"start":{"line":11,"column":49},"end":{"line":13,"column":3}},"line":11},"2":{"name":"detail","decl":{"start":{"line":16,"column":16},"end":{"line":16,"column":22}},"loc":{"start":{"line":16,"column":25},"end":{"line":91,"column":1}},"line":16},"3":{"name":"getOffset","decl":{"start":{"line":21,"column":11},"end":{"line":21,"column":20}},"loc":{"start":{"line":21,"column":35},"end":{"line":52,"column":3}},"line":21},"4":{"name":"(anonymous_4)","decl":{"start":{"line":67,"column":10},"end":{"line":67,"column":11}},"loc":{"start":{"line":67,"column":24},"end":{"line":67,"column":39}},"line":67},"5":{"name":"(anonymous_5)","decl":{"start":{"line":68,"column":10},"end":{"line":68,"column":11}},"loc":{"start":{"line":68,"column":28},"end":{"line":90,"column":5}},"line":68},"6":{"name":"(anonymous_6)","decl":{"start":{"line":72,"column":14},"end":{"line":72,"column":15}},"loc":{"start":{"line":72,"column":31},"end":{"line":72,"column":49}},"line":72},"7":{"name":"(anonymous_7)","decl":{"start":{"line":73,"column":14},"end":{"line":73,"column":15}},"loc":{"start":{"line":73,"column":35},"end":{"line":89,"column":9}},"line":73},"8":{"name":"putDetailsButton","decl":{"start":{"line":93,"column":16},"end":{"line":93,"column":32}},"loc":{"start":{"line":93,"column":46},"end":{"line":108,"column":1}},"line":93},"9":{"name":"(anonymous_9)","decl":{"start":{"line":94,"column":27},"end":{"line":94,"column":28}},"loc":{"start":{"line":94,"column":34},"end":{"line":107,"column":3}},"line":94},"10":{"name":"sendToDetails","decl":{"start":{"line":104,"column":37},"end":{"line":104,"column":50}},"loc":{"start":{"line":104,"column":53},"end":{"line":106,"column":5}},"line":104},"11":{"name":"getImage","decl":{"start":{"line":110,"column":16},"end":{"line":110,"column":24}},"loc":{"start":{"line":110,"column":38},"end":{"line":116,"column":1}},"line":110},"12":{"name":"putImage","decl":{"start":{"line":111,"column":36},"end":{"line":111,"column":44}},"loc":{"start":{"line":111,"column":48},"end":{"line":115,"column":3}},"line":111},"13":{"name":"showLoadingMessage","decl":{"start":{"line":118,"column":16},"end":{"line":118,"column":34}},"loc":{"start":{"line":118,"column":37},"end":{"line":122,"column":1}},"line":118},"14":{"name":"putLoadingMessage","decl":{"start":{"line":119,"column":36},"end":{"line":119,"column":53}},"loc":{"start":{"line":119,"column":56},"end":{"line":121,"column":3}},"line":119},"15":{"name":"lockPreviousAtMainPage","decl":{"start":{"line":124,"column":16},"end":{"line":124,"column":38}},"loc":{"start":{"line":124,"column":57},"end":{"line":128,"column":1}},"line":124},"16":{"name":"enableBackButton","decl":{"start":{"line":130,"column":16},"end":{"line":130,"column":32}},"loc":{"start":{"line":130,"column":35},"end":{"line":132,"column":1}},"line":130}},"branchMap":{"0":{"loc":{"start":{"line":24,"column":4},"end":{"line":51,"column":5}},"type":"if","locations":[{"start":{"line":24,"column":4},"end":{"line":51,"column":5}},{"start":{"line":27,"column":11},"end":{"line":51,"column":5}}],"line":24},"1":{"loc":{"start":{"line":24,"column":8},"end":{"line":24,"column":46}},"type":"binary-expr","locations":[{"start":{"line":24,"column":8},"end":{"line":24,"column":26}},{"start":{"line":24,"column":30},"end":{"line":24,"column":46}}],"line":24},"2":{"loc":{"start":{"line":27,"column":11},"end":{"line":51,"column":5}},"type":"if","locations":[{"start":{"line":27,"column":11},"end":{"line":51,"column":5}},{"start":{"line":31,"column":11},"end":{"line":51,"column":5}}],"line":27},"3":{"loc":{"start":{"line":27,"column":15},"end":{"line":27,"column":53}},"type":"binary-expr","locations":[{"start":{"line":27,"column":15},"end":{"line":27,"column":33}},{"start":{"line":27,"column":37},"end":{"line":27,"column":53}}],"line":27},"4":{"loc":{"start":{"line":31,"column":11},"end":{"line":51,"column":5}},"type":"if","locations":[{"start":{"line":31,"column":11},"end":{"line":51,"column":5}},{"start":{"line":36,"column":11},"end":{"line":51,"column":5}}],"line":31},"5":{"loc":{"start":{"line":31,"column":15},"end":{"line":31,"column":53}},"type":"binary-expr","locations":[{"start":{"line":31,"column":15},"end":{"line":31,"column":33}},{"start":{"line":31,"column":37},"end":{"line":31,"column":53}}],"line":31},"6":{"loc":{"start":{"line":36,"column":11},"end":{"line":51,"column":5}},"type":"if","locations":[{"start":{"line":36,"column":11},"end":{"line":51,"column":5}},{"start":{"line":40,"column":11},"end":{"line":51,"column":5}}],"line":36},"7":{"loc":{"start":{"line":36,"column":15},"end":{"line":36,"column":53}},"type":"binary-expr","locations":[{"start":{"line":36,"column":15},"end":{"line":36,"column":33}},{"start":{"line":36,"column":37},"end":{"line":36,"column":53}}],"line":36},"8":{"loc":{"start":{"line":40,"column":11},"end":{"line":51,"column":5}},"type":"if","locations":[{"start":{"line":40,"column":11},"end":{"line":51,"column":5}},{"start":{"line":45,"column":11},"end":{"line":51,"column":5}}],"line":40},"9":{"loc":{"start":{"line":40,"column":15},"end":{"line":40,"column":53}},"type":"binary-expr","locations":[{"start":{"line":40,"column":15},"end":{"line":40,"column":33}},{"start":{"line":40,"column":37},"end":{"line":40,"column":53}}],"line":40},"10":{"loc":{"start":{"line":45,"column":11},"end":{"line":51,"column":5}},"type":"if","locations":[{"start":{"line":45,"column":11},"end":{"line":51,"column":5}},{"start":{},"end":{}}],"line":45},"11":{"loc":{"start":{"line":45,"column":15},"end":{"line":45,"column":53}},"type":"binary-expr","locations":[{"start":{"line":45,"column":15},"end":{"line":45,"column":33}},{"start":{"line":45,"column":37},"end":{"line":45,"column":53}}],"line":45},"12":{"loc":{"start":{"line":54,"column":2},"end":{"line":64,"column":3}},"type":"if","locations":[{"start":{"line":54,"column":2},"end":{"line":64,"column":3}},{"start":{"line":56,"column":9},"end":{"line":64,"column":3}}],"line":54},"13":{"loc":{"start":{"line":56,"column":9},"end":{"line":64,"column":3}},"type":"if","locations":[{"start":{"line":56,"column":9},"end":{"line":64,"column":3}},{"start":{"line":58,"column":9},"end":{"line":64,"column":3}}],"line":56},"14":{"loc":{"start":{"line":56,"column":13},"end":{"line":56,"column":87}},"type":"binary-expr","locations":[{"start":{"line":56,"column":13},"end":{"line":56,"column":44}},{"start":{"line":56,"column":48},"end":{"line":56,"column":87}}],"line":56},"15":{"loc":{"start":{"line":58,"column":9},"end":{"line":64,"column":3}},"type":"if","locations":[{"start":{"line":58,"column":9},"end":{"line":64,"column":3}},{"start":{"line":60,"column":9},"end":{"line":64,"column":3}}],"line":58},"16":{"loc":{"start":{"line":60,"column":9},"end":{"line":64,"column":3}},"type":"if","locations":[{"start":{"line":60,"column":9},"end":{"line":64,"column":3}},{"start":{"line":62,"column":9},"end":{"line":64,"column":3}}],"line":60},"17":{"loc":{"start":{"line":74,"column":10},"end":{"line":88,"column":11}},"type":"if","locations":[{"start":{"line":74,"column":10},"end":{"line":88,"column":11}},{"start":{"line":81,"column":17},"end":{"line":88,"column":11}}],"line":74},"18":{"loc":{"start":{"line":125,"column":2},"end":{"line":127,"column":3}},"type":"if","locations":[{"start":{"line":125,"column":2},"end":{"line":127,"column":3}},{"start":{},"end":{}}],"line":125},"19":{"loc":{"start":{"line":125,"column":6},"end":{"line":125,"column":57}},"type":"binary-expr","locations":[{"start":{"line":125,"column":6},"end":{"line":125,"column":31}},{"start":{"line":125,"column":35},"end":{"line":125,"column":57}}],"line":125}},"s":{"0":1,"1":1,"2":1,"3":0,"4":0,"5":0,"6":0,"7":0,"8":0,"9":0,"10":0,"11":0,"12":0,"13":0,"14":0,"15":0,"16":0,"17":0,"18":0,"19":0,"20":0,"21":0,"22":0,"23":0,"24":0,"25":0,"26":0,"27":0,"28":0,"29":0,"30":0,"31":0,"32":0,"33":0,"34":0,"35":0,"36":0,"37":0,"38":0,"39":0,"40":0,"41":0,"42":0,"43":0,"44":0,"45":0,"46":0,"47":0,"48":0,"49":0,"50":0,"51":0,"52":0,"53":0,"54":0,"55":0,"56":1,"57":20,"58":20,"59":20,"60":20,"61":20,"62":20,"63":20,"64":20,"65":20,"66":0,"67":1,"68":20,"69":20,"70":20,"71":0,"72":0,"73":0,"74":0,"75":0},"f":{"0":0,"1":0,"2":0,"3":0,"4":0,"5":0,"6":0,"7":0,"8":1,"9":20,"10":0,"11":1,"12":20,"13":0,"14":0,"15":0,"16":0},"b":{"0":[0,0],"1":[0,0],"2":[0,0],"3":[0,0],"4":[0,0],"5":[0,0],"6":[0,0],"7":[0,0],"8":[0,0],"9":[0,0],"10":[0,0],"11":[0,0],"12":[0,0],"13":[0,0],"14":[0,0],"15":[0,0],"16":[0,0],"17":[0,0],"18":[0,0],"19":[0,0]},"_coverageSchema":"1a1c01bbd47fc00a2c39e90264f33305004495a9","hash":"a6aa71f85e717675a21d69f1bd4653ab11548abf"}
}
