TN:
SF:source\classOneTypePokemon.js
FN:4,(anonymous_0)
FN:12,(anonymous_1)
FN:14,(anonymous_2)
FNF:3
FNH:0
FNDA:0,(anonymous_0)
FNDA:0,(anonymous_1)
FNDA:0,(anonymous_2)
DA:5,0
DA:6,0
DA:7,0
DA:8,0
DA:9,0
DA:13,0
DA:14,0
DA:15,0
DA:16,0
DA:17,0
LF:10
LH:0
BRF:0
BRH:0
end_of_record
TN:
SF:source\classTwoTypePokemon.js
FN:4,(anonymous_0)
FN:13,(anonymous_1)
FN:15,(anonymous_2)
FNF:3
FNH:0
FNDA:0,(anonymous_0)
FNDA:0,(anonymous_1)
FNDA:0,(anonymous_2)
DA:5,0
DA:6,0
DA:7,0
DA:8,0
DA:9,0
DA:10,0
DA:14,0
DA:15,0
DA:16,0
DA:17,0
DA:18,0
LF:11
LH:0
BRF:0
BRH:0
end_of_record
TN:
SF:source\functions.js
FN:10,getName
FN:11,applyName
FN:16,detail
FN:21,getOffset
FN:67,(anonymous_4)
FN:68,(anonymous_5)
FN:72,(anonymous_6)
FN:73,(anonymous_7)
FN:93,putDetailsButton
FN:94,(anonymous_9)
FN:104,sendToDetails
FN:110,getImage
FN:111,putImage
FN:118,showLoadingMessage
FN:119,putLoadingMessage
FN:124,lockPreviousAtMainPage
FN:130,enableBackButton
FNF:17
FNH:4
FNDA:0,getName
FNDA:0,applyName
FNDA:0,detail
FNDA:0,getOffset
FNDA:0,(anonymous_4)
FNDA:0,(anonymous_5)
FNDA:0,(anonymous_6)
FNDA:0,(anonymous_7)
FNDA:1,putDetailsButton
FNDA:20,(anonymous_9)
FNDA:0,sendToDetails
FNDA:1,getImage
FNDA:20,putImage
FNDA:0,showLoadingMessage
FNDA:0,putLoadingMessage
FNDA:0,lockPreviousAtMainPage
FNDA:0,enableBackButton
DA:6,1
DA:7,1
DA:8,1
DA:11,0
DA:12,0
DA:17,0
DA:18,0
DA:19,0
DA:22,0
DA:24,0
DA:25,0
DA:26,0
DA:27,0
DA:28,0
DA:29,0
DA:30,0
DA:31,0
DA:32,0
DA:33,0
DA:34,0
DA:35,0
DA:36,0
DA:37,0
DA:38,0
DA:39,0
DA:40,0
DA:41,0
DA:42,0
DA:43,0
DA:44,0
DA:45,0
DA:46,0
DA:47,0
DA:48,0
DA:49,0
DA:50,0
DA:54,0
DA:55,0
DA:56,0
DA:57,0
DA:58,0
DA:59,0
DA:60,0
DA:61,0
DA:63,0
DA:66,0
DA:67,0
DA:69,0
DA:70,0
DA:71,0
DA:72,0
DA:74,0
DA:75,0
DA:80,0
DA:82,0
DA:87,0
DA:94,1
DA:95,20
DA:96,20
DA:97,20
DA:98,20
DA:99,20
DA:100,20
DA:101,20
DA:102,20
DA:104,20
DA:105,0
DA:111,1
DA:112,20
DA:113,20
DA:114,20
DA:119,0
DA:120,0
DA:125,0
DA:126,0
DA:131,0
LF:76
LH:17
BRDA:24,0,0,0
BRDA:24,0,1,0
BRDA:24,1,0,0
BRDA:24,1,1,0
BRDA:27,2,0,0
BRDA:27,2,1,0
BRDA:27,3,0,0
BRDA:27,3,1,0
BRDA:31,4,0,0
BRDA:31,4,1,0
BRDA:31,5,0,0
BRDA:31,5,1,0
BRDA:36,6,0,0
BRDA:36,6,1,0
BRDA:36,7,0,0
BRDA:36,7,1,0
BRDA:40,8,0,0
BRDA:40,8,1,0
BRDA:40,9,0,0
BRDA:40,9,1,0
BRDA:45,10,0,0
BRDA:45,10,1,0
BRDA:45,11,0,0
BRDA:45,11,1,0
BRDA:54,12,0,0
BRDA:54,12,1,0
BRDA:56,13,0,0
BRDA:56,13,1,0
BRDA:56,14,0,0
BRDA:56,14,1,0
BRDA:58,15,0,0
BRDA:58,15,1,0
BRDA:60,16,0,0
BRDA:60,16,1,0
BRDA:74,17,0,0
BRDA:74,17,1,0
BRDA:125,18,0,0
BRDA:125,18,1,0
BRDA:125,19,0,0
BRDA:125,19,1,0
BRF:40
BRH:0
end_of_record
