{"C:\\Users\\Nautilus\\Desktop\\Nico\\Portfolio\\simon-says\\source\\appearance.js": {"path":"C:\\Users\\Nautilus\\Desktop\\Nico\\Portfolio\\simon-says\\source\\appearance.js","statementMap":{"0":{"start":{"line":3,"column":26},"end":{"line":3,"column":64}},"1":{"start":{"line":4,"column":25},"end":{"line":4,"column":62}},"2":{"start":{"line":5,"column":28},"end":{"line":5,"column":68}},"3":{"start":{"line":6,"column":27},"end":{"line":6,"column":66}},"4":{"start":{"line":8,"column":21},"end":{"line":13,"column":1}},"5":{"start":{"line":16,"column":2},"end":{"line":16,"column":52}},"6":{"start":{"line":17,"column":2},"end":{"line":17,"column":52}},"7":{"start":{"line":18,"column":2},"end":{"line":18,"column":52}},"8":{"start":{"line":19,"column":2},"end":{"line":19,"column":52}},"9":{"start":{"line":23,"column":2},"end":{"line":23,"column":41}},"10":{"start":{"line":24,"column":2},"end":{"line":32,"column":3}},"11":{"start":{"line":25,"column":4},"end":{"line":25,"column":50}},"12":{"start":{"line":26,"column":9},"end":{"line":32,"column":3}},"13":{"start":{"line":27,"column":4},"end":{"line":27,"column":51}},"14":{"start":{"line":28,"column":9},"end":{"line":32,"column":3}},"15":{"start":{"line":29,"column":4},"end":{"line":29,"column":48}},"16":{"start":{"line":30,"column":9},"end":{"line":32,"column":3}},"17":{"start":{"line":31,"column":4},"end":{"line":31,"column":49}}},"fnMap":{"0":{"name":"squareColourRestarter","decl":{"start":{"line":15,"column":9},"end":{"line":15,"column":30}},"loc":{"start":{"line":15,"column":33},"end":{"line":20,"column":1}},"line":15},"1":{"name":"brightAssigner","decl":{"start":{"line":22,"column":16},"end":{"line":22,"column":30}},"loc":{"start":{"line":22,"column":38},"end":{"line":33,"column":1}},"line":22}},"branchMap":{"0":{"loc":{"start":{"line":24,"column":2},"end":{"line":32,"column":3}},"type":"if","locations":[{"start":{"line":24,"column":2},"end":{"line":32,"column":3}},{"start":{"line":26,"column":9},"end":{"line":32,"column":3}}],"line":24},"1":{"loc":{"start":{"line":26,"column":9},"end":{"line":32,"column":3}},"type":"if","locations":[{"start":{"line":26,"column":9},"end":{"line":32,"column":3}},{"start":{"line":28,"column":9},"end":{"line":32,"column":3}}],"line":26},"2":{"loc":{"start":{"line":28,"column":9},"end":{"line":32,"column":3}},"type":"if","locations":[{"start":{"line":28,"column":9},"end":{"line":32,"column":3}},{"start":{"line":30,"column":9},"end":{"line":32,"column":3}}],"line":28},"3":{"loc":{"start":{"line":30,"column":9},"end":{"line":32,"column":3}},"type":"if","locations":[{"start":{"line":30,"column":9},"end":{"line":32,"column":3}},{"start":{},"end":{}}],"line":30}},"s":{"0":3,"1":3,"2":3,"3":3,"4":3,"5":5,"6":5,"7":5,"8":5,"9":9,"10":9,"11":2,"12":7,"13":2,"14":5,"15":2,"16":3,"17":2},"f":{"0":5,"1":9},"b":{"0":[2,7],"1":[2,5],"2":[2,3],"3":[2,1]},"_coverageSchema":"1a1c01bbd47fc00a2c39e90264f33305004495a9","hash":"8575529cf3b77ef28f83fddad4c6e540ef50acfb"}
,"C:\\Users\\Nautilus\\Desktop\\Nico\\Portfolio\\simon-says\\source\\functions.js": {"path":"C:\\Users\\Nautilus\\Desktop\\Nico\\Portfolio\\simon-says\\source\\functions.js","statementMap":{"0":{"start":{"line":6,"column":30},"end":{"line":6,"column":72}},"1":{"start":{"line":9,"column":22},"end":{"line":9,"column":50}},"2":{"start":{"line":11,"column":4},"end":{"line":19,"column":5}},"3":{"start":{"line":12,"column":6},"end":{"line":12,"column":22}},"4":{"start":{"line":13,"column":11},"end":{"line":19,"column":5}},"5":{"start":{"line":14,"column":6},"end":{"line":14,"column":22}},"6":{"start":{"line":15,"column":11},"end":{"line":19,"column":5}},"7":{"start":{"line":16,"column":6},"end":{"line":16,"column":22}},"8":{"start":{"line":18,"column":6},"end":{"line":18,"column":22}},"9":{"start":{"line":21,"column":2},"end":{"line":21,"column":30}},"10":{"start":{"line":22,"column":2},"end":{"line":22,"column":29}},"11":{"start":{"line":26,"column":2},"end":{"line":36,"column":3}},"12":{"start":{"line":27,"column":4},"end":{"line":27,"column":46}},"13":{"start":{"line":28,"column":9},"end":{"line":36,"column":3}},"14":{"start":{"line":29,"column":4},"end":{"line":29,"column":43}},"15":{"start":{"line":30,"column":9},"end":{"line":36,"column":3}},"16":{"start":{"line":31,"column":4},"end":{"line":31,"column":72}},"17":{"start":{"line":32,"column":9},"end":{"line":36,"column":3}},"18":{"start":{"line":33,"column":4},"end":{"line":33,"column":58}},"19":{"start":{"line":34,"column":9},"end":{"line":36,"column":3}},"20":{"start":{"line":35,"column":4},"end":{"line":35,"column":62}}},"fnMap":{"0":{"name":"newValueAssigner","decl":{"start":{"line":8,"column":16},"end":{"line":8,"column":32}},"loc":{"start":{"line":8,"column":35},"end":{"line":23,"column":1}},"line":8},"1":{"name":"orderAssigner","decl":{"start":{"line":10,"column":11},"end":{"line":10,"column":24}},"loc":{"start":{"line":10,"column":32},"end":{"line":20,"column":3}},"line":10},"2":{"name":"ingameServerMessages","decl":{"start":{"line":25,"column":16},"end":{"line":25,"column":36}},"loc":{"start":{"line":25,"column":49},"end":{"line":37,"column":1}},"line":25}},"branchMap":{"0":{"loc":{"start":{"line":11,"column":4},"end":{"line":19,"column":5}},"type":"if","locations":[{"start":{"line":11,"column":4},"end":{"line":19,"column":5}},{"start":{"line":13,"column":11},"end":{"line":19,"column":5}}],"line":11},"1":{"loc":{"start":{"line":13,"column":11},"end":{"line":19,"column":5}},"type":"if","locations":[{"start":{"line":13,"column":11},"end":{"line":19,"column":5}},{"start":{"line":15,"column":11},"end":{"line":19,"column":5}}],"line":13},"2":{"loc":{"start":{"line":15,"column":11},"end":{"line":19,"column":5}},"type":"if","locations":[{"start":{"line":15,"column":11},"end":{"line":19,"column":5}},{"start":{"line":17,"column":11},"end":{"line":19,"column":5}}],"line":15},"3":{"loc":{"start":{"line":26,"column":2},"end":{"line":36,"column":3}},"type":"if","locations":[{"start":{"line":26,"column":2},"end":{"line":36,"column":3}},{"start":{"line":28,"column":9},"end":{"line":36,"column":3}}],"line":26},"4":{"loc":{"start":{"line":28,"column":9},"end":{"line":36,"column":3}},"type":"if","locations":[{"start":{"line":28,"column":9},"end":{"line":36,"column":3}},{"start":{"line":30,"column":9},"end":{"line":36,"column":3}}],"line":28},"5":{"loc":{"start":{"line":28,"column":13},"end":{"line":28,"column":47}},"type":"binary-expr","locations":[{"start":{"line":28,"column":13},"end":{"line":28,"column":28}},{"start":{"line":28,"column":32},"end":{"line":28,"column":47}}],"line":28},"6":{"loc":{"start":{"line":30,"column":9},"end":{"line":36,"column":3}},"type":"if","locations":[{"start":{"line":30,"column":9},"end":{"line":36,"column":3}},{"start":{"line":32,"column":9},"end":{"line":36,"column":3}}],"line":30},"7":{"loc":{"start":{"line":32,"column":9},"end":{"line":36,"column":3}},"type":"if","locations":[{"start":{"line":32,"column":9},"end":{"line":36,"column":3}},{"start":{"line":34,"column":9},"end":{"line":36,"column":3}}],"line":32},"8":{"loc":{"start":{"line":34,"column":9},"end":{"line":36,"column":3}},"type":"if","locations":[{"start":{"line":34,"column":9},"end":{"line":36,"column":3}},{"start":{},"end":{}}],"line":34}},"s":{"0":2,"1":4,"2":4,"3":1,"4":3,"5":1,"6":2,"7":1,"8":1,"9":4,"10":4,"11":5,"12":1,"13":4,"14":1,"15":3,"16":1,"17":2,"18":1,"19":1,"20":1},"f":{"0":4,"1":4,"2":5},"b":{"0":[1,3],"1":[1,2],"2":[1,1],"3":[1,4],"4":[1,3],"5":[4,4],"6":[1,2],"7":[1,1],"8":[1,0]},"_coverageSchema":"1a1c01bbd47fc00a2c39e90264f33305004495a9","hash":"5c174ed317f2546b3aab856e3211e6a8944ce136"}
,"C:\\Users\\Nautilus\\Desktop\\Nico\\Portfolio\\simon-says\\source\\main.js": {"path":"C:\\Users\\Nautilus\\Desktop\\Nico\\Portfolio\\simon-says\\source\\main.js","statementMap":{"0":{"start":{"line":10,"column":28},"end":{"line":10,"column":61}},"1":{"start":{"line":11,"column":28},"end":{"line":11,"column":61}},"2":{"start":{"line":13,"column":20},"end":{"line":13,"column":59}},"3":{"start":{"line":14,"column":21},"end":{"line":14,"column":51}},"4":{"start":{"line":15,"column":17},"end":{"line":15,"column":18}},"5":{"start":{"line":18,"column":2},"end":{"line":18,"column":38}},"6":{"start":{"line":19,"column":2},"end":{"line":19,"column":32}},"7":{"start":{"line":20,"column":2},"end":{"line":20,"column":31}},"8":{"start":{"line":24,"column":4},"end":{"line":24,"column":41}},"9":{"start":{"line":25,"column":4},"end":{"line":25,"column":35}},"10":{"start":{"line":26,"column":37},"end":{"line":26,"column":38}},"11":{"start":{"line":29,"column":6},"end":{"line":29,"column":58}},"12":{"start":{"line":30,"column":6},"end":{"line":30,"column":38}},"13":{"start":{"line":31,"column":6},"end":{"line":33,"column":7}},"14":{"start":{"line":32,"column":40},"end":{"line":32,"column":74}},"15":{"start":{"line":37,"column":6},"end":{"line":37,"column":48}},"16":{"start":{"line":38,"column":6},"end":{"line":38,"column":21}},"17":{"start":{"line":41,"column":40},"end":{"line":41,"column":63}},"18":{"start":{"line":42,"column":37},"end":{"line":42,"column":95}},"19":{"start":{"line":43,"column":4},"end":{"line":43,"column":72}},"20":{"start":{"line":44,"column":4},"end":{"line":44,"column":17}},"21":{"start":{"line":48,"column":27},"end":{"line":48,"column":37}},"22":{"start":{"line":51,"column":6},"end":{"line":58,"column":7}},"23":{"start":{"line":52,"column":8},"end":{"line":52,"column":35}},"24":{"start":{"line":53,"column":8},"end":{"line":53,"column":33}},"25":{"start":{"line":54,"column":8},"end":{"line":54,"column":34}},"26":{"start":{"line":55,"column":8},"end":{"line":55,"column":36}},"27":{"start":{"line":56,"column":8},"end":{"line":56,"column":24}},"28":{"start":{"line":57,"column":8},"end":{"line":57,"column":23}},"29":{"start":{"line":63,"column":8},"end":{"line":65,"column":9}},"30":{"start":{"line":64,"column":10},"end":{"line":64,"column":33}},"31":{"start":{"line":66,"column":8},"end":{"line":66,"column":30}},"32":{"start":{"line":69,"column":6},"end":{"line":80,"column":7}},"33":{"start":{"line":70,"column":8},"end":{"line":70,"column":35}},"34":{"start":{"line":71,"column":8},"end":{"line":71,"column":30}},"35":{"start":{"line":72,"column":8},"end":{"line":72,"column":33}},"36":{"start":{"line":74,"column":8},"end":{"line":74,"column":71}},"37":{"start":{"line":75,"column":8},"end":{"line":75,"column":35}},"38":{"start":{"line":76,"column":8},"end":{"line":76,"column":33}},"39":{"start":{"line":77,"column":8},"end":{"line":77,"column":34}},"40":{"start":{"line":78,"column":8},"end":{"line":78,"column":36}},"41":{"start":{"line":79,"column":8},"end":{"line":79,"column":43}},"42":{"start":{"line":83,"column":4},"end":{"line":87,"column":6}},"43":{"start":{"line":84,"column":6},"end":{"line":84,"column":24}},"44":{"start":{"line":85,"column":6},"end":{"line":85,"column":54}},"45":{"start":{"line":86,"column":6},"end":{"line":86,"column":19}},"46":{"start":{"line":89,"column":4},"end":{"line":93,"column":6}},"47":{"start":{"line":90,"column":6},"end":{"line":90,"column":24}},"48":{"start":{"line":91,"column":6},"end":{"line":91,"column":54}},"49":{"start":{"line":92,"column":6},"end":{"line":92,"column":19}},"50":{"start":{"line":95,"column":4},"end":{"line":99,"column":6}},"51":{"start":{"line":96,"column":6},"end":{"line":96,"column":24}},"52":{"start":{"line":97,"column":6},"end":{"line":97,"column":54}},"53":{"start":{"line":98,"column":6},"end":{"line":98,"column":19}},"54":{"start":{"line":101,"column":4},"end":{"line":105,"column":6}},"55":{"start":{"line":102,"column":6},"end":{"line":102,"column":24}},"56":{"start":{"line":103,"column":6},"end":{"line":103,"column":54}},"57":{"start":{"line":104,"column":6},"end":{"line":104,"column":19}},"58":{"start":{"line":106,"column":4},"end":{"line":106,"column":17}},"59":{"start":{"line":108,"column":2},"end":{"line":108,"column":33}},"60":{"start":{"line":112,"column":2},"end":{"line":112,"column":29}},"61":{"start":{"line":113,"column":2},"end":{"line":113,"column":27}},"62":{"start":{"line":114,"column":2},"end":{"line":114,"column":28}},"63":{"start":{"line":115,"column":2},"end":{"line":115,"column":30}},"64":{"start":{"line":116,"column":2},"end":{"line":116,"column":15}},"65":{"start":{"line":117,"column":2},"end":{"line":117,"column":17}},"66":{"start":{"line":118,"column":2},"end":{"line":118,"column":33}}},"fnMap":{"0":{"name":"gameInProcess","decl":{"start":{"line":17,"column":16},"end":{"line":17,"column":29}},"loc":{"start":{"line":17,"column":32},"end":{"line":109,"column":1}},"line":17},"1":{"name":"computerTurn","decl":{"start":{"line":23,"column":11},"end":{"line":23,"column":23}},"loc":{"start":{"line":23,"column":26},"end":{"line":45,"column":3}},"line":23},"2":{"name":"previousTurnsShower","decl":{"start":{"line":28,"column":13},"end":{"line":28,"column":32}},"loc":{"start":{"line":28,"column":35},"end":{"line":34,"column":5}},"line":28},"3":{"name":"intervalCanceller","decl":{"start":{"line":36,"column":13},"end":{"line":36,"column":30}},"loc":{"start":{"line":36,"column":33},"end":{"line":39,"column":5}},"line":36},"4":{"name":"runGamerTurn","decl":{"start":{"line":47,"column":11},"end":{"line":47,"column":23}},"loc":{"start":{"line":47,"column":26},"end":{"line":107,"column":3}},"line":47},"5":{"name":"passToComputerTurn","decl":{"start":{"line":50,"column":13},"end":{"line":50,"column":31}},"loc":{"start":{"line":50,"column":34},"end":{"line":59,"column":5}},"line":50},"6":{"name":"resultsChecker","decl":{"start":{"line":61,"column":13},"end":{"line":61,"column":27}},"loc":{"start":{"line":61,"column":58},"end":{"line":81,"column":5}},"line":61},"7":{"name":"resultsChecker2","decl":{"start":{"line":62,"column":15},"end":{"line":62,"column":30}},"loc":{"start":{"line":62,"column":64},"end":{"line":67,"column":7}},"line":62},"8":{"name":"greenClick","decl":{"start":{"line":83,"column":35},"end":{"line":83,"column":45}},"loc":{"start":{"line":83,"column":48},"end":{"line":87,"column":5}},"line":83},"9":{"name":"yellowClick","decl":{"start":{"line":89,"column":36},"end":{"line":89,"column":47}},"loc":{"start":{"line":89,"column":50},"end":{"line":93,"column":5}},"line":89},"10":{"name":"redClick","decl":{"start":{"line":95,"column":33},"end":{"line":95,"column":41}},"loc":{"start":{"line":95,"column":44},"end":{"line":99,"column":5}},"line":95},"11":{"name":"blueClick","decl":{"start":{"line":101,"column":34},"end":{"line":101,"column":43}},"loc":{"start":{"line":101,"column":46},"end":{"line":105,"column":5}},"line":101},"12":{"name":"cancelGame","decl":{"start":{"line":111,"column":16},"end":{"line":111,"column":26}},"loc":{"start":{"line":111,"column":29},"end":{"line":119,"column":1}},"line":111}},"branchMap":{"0":{"loc":{"start":{"line":31,"column":6},"end":{"line":33,"column":7}},"type":"if","locations":[{"start":{"line":31,"column":6},"end":{"line":33,"column":7}},{"start":{},"end":{}}],"line":31},"1":{"loc":{"start":{"line":31,"column":10},"end":{"line":31,"column":75}},"type":"binary-expr","locations":[{"start":{"line":31,"column":10},"end":{"line":31,"column":55}},{"start":{"line":31,"column":59},"end":{"line":31,"column":75}}],"line":31},"2":{"loc":{"start":{"line":51,"column":6},"end":{"line":58,"column":7}},"type":"if","locations":[{"start":{"line":51,"column":6},"end":{"line":58,"column":7}},{"start":{},"end":{}}],"line":51},"3":{"loc":{"start":{"line":63,"column":8},"end":{"line":65,"column":9}},"type":"if","locations":[{"start":{"line":63,"column":8},"end":{"line":65,"column":9}},{"start":{},"end":{}}],"line":63},"4":{"loc":{"start":{"line":69,"column":6},"end":{"line":80,"column":7}},"type":"if","locations":[{"start":{"line":69,"column":6},"end":{"line":80,"column":7}},{"start":{"line":73,"column":13},"end":{"line":80,"column":7}}],"line":69}},"s":{"0":2,"1":2,"2":2,"3":2,"4":2,"5":0,"6":0,"7":0,"8":0,"9":0,"10":0,"11":0,"12":0,"13":0,"14":0,"15":0,"16":0,"17":0,"18":0,"19":0,"20":0,"21":0,"22":0,"23":0,"24":0,"25":0,"26":0,"27":0,"28":0,"29":0,"30":0,"31":0,"32":0,"33":0,"34":0,"35":0,"36":0,"37":0,"38":0,"39":0,"40":0,"41":0,"42":0,"43":0,"44":0,"45":0,"46":0,"47":0,"48":0,"49":0,"50":0,"51":0,"52":0,"53":0,"54":0,"55":0,"56":0,"57":0,"58":0,"59":0,"60":0,"61":0,"62":0,"63":0,"64":0,"65":0,"66":0},"f":{"0":0,"1":0,"2":0,"3":0,"4":0,"5":0,"6":0,"7":0,"8":0,"9":0,"10":0,"11":0,"12":0},"b":{"0":[0,0],"1":[0,0],"2":[0,0],"3":[0,0],"4":[0,0]},"_coverageSchema":"1a1c01bbd47fc00a2c39e90264f33305004495a9","hash":"7b96d0bbbdb5426b69bebd89dd70db70dd9384ce"}
}
