{"C:\\Users\\Nautilus\\Desktop\\Nico\\Portfolio\\simon-says\\source\\appearance.js": {"path":"C:\\Users\\Nautilus\\Desktop\\Nico\\Portfolio\\simon-says\\source\\appearance.js","statementMap":{"0":{"start":{"line":3,"column":26},"end":{"line":3,"column":64}},"1":{"start":{"line":4,"column":25},"end":{"line":4,"column":62}},"2":{"start":{"line":5,"column":28},"end":{"line":5,"column":68}},"3":{"start":{"line":6,"column":27},"end":{"line":6,"column":66}},"4":{"start":{"line":8,"column":21},"end":{"line":13,"column":1}},"5":{"start":{"line":16,"column":2},"end":{"line":16,"column":52}},"6":{"start":{"line":17,"column":2},"end":{"line":17,"column":52}},"7":{"start":{"line":18,"column":2},"end":{"line":18,"column":52}},"8":{"start":{"line":19,"column":2},"end":{"line":19,"column":52}},"9":{"start":{"line":23,"column":2},"end":{"line":23,"column":41}},"10":{"start":{"line":24,"column":2},"end":{"line":32,"column":3}},"11":{"start":{"line":25,"column":4},"end":{"line":25,"column":50}},"12":{"start":{"line":26,"column":9},"end":{"line":32,"column":3}},"13":{"start":{"line":27,"column":4},"end":{"line":27,"column":51}},"14":{"start":{"line":28,"column":9},"end":{"line":32,"column":3}},"15":{"start":{"line":29,"column":4},"end":{"line":29,"column":48}},"16":{"start":{"line":30,"column":9},"end":{"line":32,"column":3}},"17":{"start":{"line":31,"column":4},"end":{"line":31,"column":49}}},"fnMap":{"0":{"name":"squareColourRestarter","decl":{"start":{"line":15,"column":9},"end":{"line":15,"column":30}},"loc":{"start":{"line":15,"column":33},"end":{"line":20,"column":1}},"line":15},"1":{"name":"brightAssigner","decl":{"start":{"line":22,"column":16},"end":{"line":22,"column":30}},"loc":{"start":{"line":22,"column":38},"end":{"line":33,"column":1}},"line":22}},"branchMap":{"0":{"loc":{"start":{"line":24,"column":2},"end":{"line":32,"column":3}},"type":"if","locations":[{"start":{"line":24,"column":2},"end":{"line":32,"column":3}},{"start":{"line":26,"column":9},"end":{"line":32,"column":3}}],"line":24},"1":{"loc":{"start":{"line":26,"column":9},"end":{"line":32,"column":3}},"type":"if","locations":[{"start":{"line":26,"column":9},"end":{"line":32,"column":3}},{"start":{"line":28,"column":9},"end":{"line":32,"column":3}}],"line":26},"2":{"loc":{"start":{"line":28,"column":9},"end":{"line":32,"column":3}},"type":"if","locations":[{"start":{"line":28,"column":9},"end":{"line":32,"column":3}},{"start":{"line":30,"column":9},"end":{"line":32,"column":3}}],"line":28},"3":{"loc":{"start":{"line":30,"column":9},"end":{"line":32,"column":3}},"type":"if","locations":[{"start":{"line":30,"column":9},"end":{"line":32,"column":3}},{"start":{},"end":{}}],"line":30}},"s":{"0":3,"1":3,"2":3,"3":3,"4":3,"5":12,"6":12,"7":12,"8":12,"9":16,"10":16,"11":4,"12":12,"13":2,"14":10,"15":6,"16":4,"17":2},"f":{"0":12,"1":16},"b":{"0":[4,12],"1":[2,10],"2":[6,4],"3":[2,2]},"_coverageSchema":"1a1c01bbd47fc00a2c39e90264f33305004495a9","hash":"8575529cf3b77ef28f83fddad4c6e540ef50acfb"}
,"C:\\Users\\Nautilus\\Desktop\\Nico\\Portfolio\\simon-says\\source\\functions.js": {"path":"C:\\Users\\Nautilus\\Desktop\\Nico\\Portfolio\\simon-says\\source\\functions.js","statementMap":{"0":{"start":{"line":6,"column":30},"end":{"line":6,"column":72}},"1":{"start":{"line":9,"column":22},"end":{"line":9,"column":50}},"2":{"start":{"line":11,"column":4},"end":{"line":19,"column":5}},"3":{"start":{"line":12,"column":6},"end":{"line":12,"column":22}},"4":{"start":{"line":13,"column":11},"end":{"line":19,"column":5}},"5":{"start":{"line":14,"column":6},"end":{"line":14,"column":22}},"6":{"start":{"line":15,"column":11},"end":{"line":19,"column":5}},"7":{"start":{"line":16,"column":6},"end":{"line":16,"column":22}},"8":{"start":{"line":18,"column":6},"end":{"line":18,"column":22}},"9":{"start":{"line":21,"column":2},"end":{"line":21,"column":30}},"10":{"start":{"line":22,"column":2},"end":{"line":22,"column":29}},"11":{"start":{"line":26,"column":2},"end":{"line":36,"column":3}},"12":{"start":{"line":27,"column":4},"end":{"line":27,"column":46}},"13":{"start":{"line":28,"column":9},"end":{"line":36,"column":3}},"14":{"start":{"line":29,"column":4},"end":{"line":29,"column":43}},"15":{"start":{"line":30,"column":9},"end":{"line":36,"column":3}},"16":{"start":{"line":31,"column":4},"end":{"line":31,"column":72}},"17":{"start":{"line":32,"column":9},"end":{"line":36,"column":3}},"18":{"start":{"line":33,"column":4},"end":{"line":33,"column":58}},"19":{"start":{"line":34,"column":9},"end":{"line":36,"column":3}},"20":{"start":{"line":35,"column":4},"end":{"line":35,"column":62}}},"fnMap":{"0":{"name":"newValueAssigner","decl":{"start":{"line":8,"column":16},"end":{"line":8,"column":32}},"loc":{"start":{"line":8,"column":35},"end":{"line":23,"column":1}},"line":8},"1":{"name":"orderAssigner","decl":{"start":{"line":10,"column":11},"end":{"line":10,"column":24}},"loc":{"start":{"line":10,"column":32},"end":{"line":20,"column":3}},"line":10},"2":{"name":"ingameServerMessages","decl":{"start":{"line":25,"column":16},"end":{"line":25,"column":36}},"loc":{"start":{"line":25,"column":49},"end":{"line":37,"column":1}},"line":25}},"branchMap":{"0":{"loc":{"start":{"line":11,"column":4},"end":{"line":19,"column":5}},"type":"if","locations":[{"start":{"line":11,"column":4},"end":{"line":19,"column":5}},{"start":{"line":13,"column":11},"end":{"line":19,"column":5}}],"line":11},"1":{"loc":{"start":{"line":13,"column":11},"end":{"line":19,"column":5}},"type":"if","locations":[{"start":{"line":13,"column":11},"end":{"line":19,"column":5}},{"start":{"line":15,"column":11},"end":{"line":19,"column":5}}],"line":13},"2":{"loc":{"start":{"line":15,"column":11},"end":{"line":19,"column":5}},"type":"if","locations":[{"start":{"line":15,"column":11},"end":{"line":19,"column":5}},{"start":{"line":17,"column":11},"end":{"line":19,"column":5}}],"line":15},"3":{"loc":{"start":{"line":26,"column":2},"end":{"line":36,"column":3}},"type":"if","locations":[{"start":{"line":26,"column":2},"end":{"line":36,"column":3}},{"start":{"line":28,"column":9},"end":{"line":36,"column":3}}],"line":26},"4":{"loc":{"start":{"line":28,"column":9},"end":{"line":36,"column":3}},"type":"if","locations":[{"start":{"line":28,"column":9},"end":{"line":36,"column":3}},{"start":{"line":30,"column":9},"end":{"line":36,"column":3}}],"line":28},"5":{"loc":{"start":{"line":28,"column":13},"end":{"line":28,"column":47}},"type":"binary-expr","locations":[{"start":{"line":28,"column":13},"end":{"line":28,"column":28}},{"start":{"line":28,"column":32},"end":{"line":28,"column":47}}],"line":28},"6":{"loc":{"start":{"line":30,"column":9},"end":{"line":36,"column":3}},"type":"if","locations":[{"start":{"line":30,"column":9},"end":{"line":36,"column":3}},{"start":{"line":32,"column":9},"end":{"line":36,"column":3}}],"line":30},"7":{"loc":{"start":{"line":32,"column":9},"end":{"line":36,"column":3}},"type":"if","locations":[{"start":{"line":32,"column":9},"end":{"line":36,"column":3}},{"start":{"line":34,"column":9},"end":{"line":36,"column":3}}],"line":32},"8":{"loc":{"start":{"line":34,"column":9},"end":{"line":36,"column":3}},"type":"if","locations":[{"start":{"line":34,"column":9},"end":{"line":36,"column":3}},{"start":{},"end":{}}],"line":34}},"s":{"0":2,"1":5,"2":5,"3":2,"4":3,"5":1,"6":2,"7":1,"8":1,"9":5,"10":5,"11":6,"12":1,"13":5,"14":1,"15":4,"16":1,"17":3,"18":1,"19":2,"20":1},"f":{"0":5,"1":5,"2":6},"b":{"0":[2,3],"1":[1,2],"2":[1,1],"3":[1,5],"4":[1,4],"5":[5,4],"6":[1,3],"7":[1,2],"8":[1,1]},"_coverageSchema":"1a1c01bbd47fc00a2c39e90264f33305004495a9","hash":"5c174ed317f2546b3aab856e3211e6a8944ce136"}
,"C:\\Users\\Nautilus\\Desktop\\Nico\\Portfolio\\simon-says\\source\\main.js": {"path":"C:\\Users\\Nautilus\\Desktop\\Nico\\Portfolio\\simon-says\\source\\main.js","statementMap":{"0":{"start":{"line":10,"column":28},"end":{"line":10,"column":61}},"1":{"start":{"line":11,"column":28},"end":{"line":11,"column":61}},"2":{"start":{"line":13,"column":20},"end":{"line":13,"column":59}},"3":{"start":{"line":14,"column":21},"end":{"line":14,"column":51}},"4":{"start":{"line":15,"column":17},"end":{"line":15,"column":18}},"5":{"start":{"line":18,"column":2},"end":{"line":18,"column":26}},"6":{"start":{"line":19,"column":2},"end":{"line":19,"column":23}},"7":{"start":{"line":21,"column":2},"end":{"line":21,"column":32}},"8":{"start":{"line":22,"column":2},"end":{"line":22,"column":31}},"9":{"start":{"line":26,"column":4},"end":{"line":26,"column":41}},"10":{"start":{"line":27,"column":4},"end":{"line":27,"column":35}},"11":{"start":{"line":28,"column":37},"end":{"line":28,"column":38}},"12":{"start":{"line":31,"column":6},"end":{"line":31,"column":58}},"13":{"start":{"line":32,"column":6},"end":{"line":32,"column":38}},"14":{"start":{"line":33,"column":6},"end":{"line":35,"column":7}},"15":{"start":{"line":34,"column":40},"end":{"line":34,"column":74}},"16":{"start":{"line":39,"column":6},"end":{"line":39,"column":48}},"17":{"start":{"line":40,"column":6},"end":{"line":40,"column":21}},"18":{"start":{"line":43,"column":40},"end":{"line":43,"column":63}},"19":{"start":{"line":44,"column":37},"end":{"line":44,"column":95}},"20":{"start":{"line":45,"column":4},"end":{"line":45,"column":72}},"21":{"start":{"line":46,"column":4},"end":{"line":46,"column":17}},"22":{"start":{"line":50,"column":27},"end":{"line":50,"column":37}},"23":{"start":{"line":53,"column":6},"end":{"line":60,"column":7}},"24":{"start":{"line":54,"column":8},"end":{"line":54,"column":35}},"25":{"start":{"line":55,"column":8},"end":{"line":55,"column":33}},"26":{"start":{"line":56,"column":8},"end":{"line":56,"column":34}},"27":{"start":{"line":57,"column":8},"end":{"line":57,"column":36}},"28":{"start":{"line":58,"column":8},"end":{"line":58,"column":24}},"29":{"start":{"line":59,"column":8},"end":{"line":59,"column":23}},"30":{"start":{"line":65,"column":8},"end":{"line":67,"column":9}},"31":{"start":{"line":66,"column":10},"end":{"line":66,"column":33}},"32":{"start":{"line":68,"column":8},"end":{"line":68,"column":30}},"33":{"start":{"line":71,"column":6},"end":{"line":81,"column":7}},"34":{"start":{"line":72,"column":8},"end":{"line":72,"column":35}},"35":{"start":{"line":73,"column":8},"end":{"line":73,"column":30}},"36":{"start":{"line":74,"column":8},"end":{"line":74,"column":29}},"37":{"start":{"line":76,"column":8},"end":{"line":76,"column":71}},"38":{"start":{"line":77,"column":8},"end":{"line":77,"column":35}},"39":{"start":{"line":78,"column":8},"end":{"line":78,"column":33}},"40":{"start":{"line":79,"column":8},"end":{"line":79,"column":34}},"41":{"start":{"line":80,"column":8},"end":{"line":80,"column":36}},"42":{"start":{"line":84,"column":4},"end":{"line":88,"column":6}},"43":{"start":{"line":85,"column":6},"end":{"line":85,"column":24}},"44":{"start":{"line":86,"column":6},"end":{"line":86,"column":54}},"45":{"start":{"line":87,"column":6},"end":{"line":87,"column":19}},"46":{"start":{"line":90,"column":4},"end":{"line":94,"column":6}},"47":{"start":{"line":91,"column":6},"end":{"line":91,"column":24}},"48":{"start":{"line":92,"column":6},"end":{"line":92,"column":54}},"49":{"start":{"line":93,"column":6},"end":{"line":93,"column":19}},"50":{"start":{"line":96,"column":4},"end":{"line":100,"column":6}},"51":{"start":{"line":97,"column":6},"end":{"line":97,"column":24}},"52":{"start":{"line":98,"column":6},"end":{"line":98,"column":54}},"53":{"start":{"line":99,"column":6},"end":{"line":99,"column":19}},"54":{"start":{"line":102,"column":4},"end":{"line":106,"column":6}},"55":{"start":{"line":103,"column":6},"end":{"line":103,"column":24}},"56":{"start":{"line":104,"column":6},"end":{"line":104,"column":54}},"57":{"start":{"line":105,"column":6},"end":{"line":105,"column":19}},"58":{"start":{"line":107,"column":4},"end":{"line":107,"column":17}},"59":{"start":{"line":109,"column":2},"end":{"line":109,"column":33}},"60":{"start":{"line":113,"column":2},"end":{"line":113,"column":41}},"61":{"start":{"line":114,"column":2},"end":{"line":114,"column":29}},"62":{"start":{"line":115,"column":2},"end":{"line":115,"column":27}},"63":{"start":{"line":116,"column":2},"end":{"line":116,"column":28}},"64":{"start":{"line":117,"column":2},"end":{"line":117,"column":30}},"65":{"start":{"line":118,"column":2},"end":{"line":118,"column":43}},"66":{"start":{"line":119,"column":2},"end":{"line":119,"column":17}}},"fnMap":{"0":{"name":"gameInProcess","decl":{"start":{"line":17,"column":16},"end":{"line":17,"column":29}},"loc":{"start":{"line":17,"column":32},"end":{"line":110,"column":1}},"line":17},"1":{"name":"computerTurn","decl":{"start":{"line":25,"column":11},"end":{"line":25,"column":23}},"loc":{"start":{"line":25,"column":26},"end":{"line":47,"column":3}},"line":25},"2":{"name":"previousTurnsShower","decl":{"start":{"line":30,"column":13},"end":{"line":30,"column":32}},"loc":{"start":{"line":30,"column":35},"end":{"line":36,"column":5}},"line":30},"3":{"name":"intervalCanceller","decl":{"start":{"line":38,"column":13},"end":{"line":38,"column":30}},"loc":{"start":{"line":38,"column":33},"end":{"line":41,"column":5}},"line":38},"4":{"name":"runGamerTurn","decl":{"start":{"line":49,"column":11},"end":{"line":49,"column":23}},"loc":{"start":{"line":49,"column":26},"end":{"line":108,"column":3}},"line":49},"5":{"name":"passToComputerTurn","decl":{"start":{"line":52,"column":13},"end":{"line":52,"column":31}},"loc":{"start":{"line":52,"column":34},"end":{"line":61,"column":5}},"line":52},"6":{"name":"resultsChecker","decl":{"start":{"line":63,"column":13},"end":{"line":63,"column":27}},"loc":{"start":{"line":63,"column":58},"end":{"line":82,"column":5}},"line":63},"7":{"name":"resultsChecker2","decl":{"start":{"line":64,"column":15},"end":{"line":64,"column":30}},"loc":{"start":{"line":64,"column":64},"end":{"line":69,"column":7}},"line":64},"8":{"name":"greenClick","decl":{"start":{"line":84,"column":35},"end":{"line":84,"column":45}},"loc":{"start":{"line":84,"column":48},"end":{"line":88,"column":5}},"line":84},"9":{"name":"yellowClick","decl":{"start":{"line":90,"column":36},"end":{"line":90,"column":47}},"loc":{"start":{"line":90,"column":50},"end":{"line":94,"column":5}},"line":90},"10":{"name":"redClick","decl":{"start":{"line":96,"column":33},"end":{"line":96,"column":41}},"loc":{"start":{"line":96,"column":44},"end":{"line":100,"column":5}},"line":96},"11":{"name":"blueClick","decl":{"start":{"line":102,"column":34},"end":{"line":102,"column":43}},"loc":{"start":{"line":102,"column":46},"end":{"line":106,"column":5}},"line":102},"12":{"name":"cancelGame","decl":{"start":{"line":112,"column":16},"end":{"line":112,"column":26}},"loc":{"start":{"line":112,"column":29},"end":{"line":120,"column":1}},"line":112}},"branchMap":{"0":{"loc":{"start":{"line":33,"column":6},"end":{"line":35,"column":7}},"type":"if","locations":[{"start":{"line":33,"column":6},"end":{"line":35,"column":7}},{"start":{},"end":{}}],"line":33},"1":{"loc":{"start":{"line":33,"column":10},"end":{"line":33,"column":75}},"type":"binary-expr","locations":[{"start":{"line":33,"column":10},"end":{"line":33,"column":55}},{"start":{"line":33,"column":59},"end":{"line":33,"column":75}}],"line":33},"2":{"loc":{"start":{"line":53,"column":6},"end":{"line":60,"column":7}},"type":"if","locations":[{"start":{"line":53,"column":6},"end":{"line":60,"column":7}},{"start":{},"end":{}}],"line":53},"3":{"loc":{"start":{"line":65,"column":8},"end":{"line":67,"column":9}},"type":"if","locations":[{"start":{"line":65,"column":8},"end":{"line":67,"column":9}},{"start":{},"end":{}}],"line":65},"4":{"loc":{"start":{"line":71,"column":6},"end":{"line":81,"column":7}},"type":"if","locations":[{"start":{"line":71,"column":6},"end":{"line":81,"column":7}},{"start":{"line":75,"column":13},"end":{"line":81,"column":7}}],"line":71}},"s":{"0":2,"1":2,"2":2,"3":2,"4":2,"5":2,"6":2,"7":2,"8":2,"9":3,"10":3,"11":3,"12":4,"13":4,"14":4,"15":1,"16":3,"17":3,"18":3,"19":3,"20":3,"21":3,"22":3,"23":1,"24":1,"25":1,"26":1,"27":1,"28":1,"29":1,"30":2,"31":1,"32":1,"33":2,"34":1,"35":1,"36":1,"37":1,"38":1,"39":1,"40":1,"41":1,"42":3,"43":1,"44":1,"45":1,"46":3,"47":0,"48":0,"49":0,"50":3,"51":1,"52":1,"53":1,"54":3,"55":0,"56":0,"57":0,"58":3,"59":2,"60":1,"61":1,"62":1,"63":1,"64":1,"65":1,"66":1},"f":{"0":2,"1":3,"2":4,"3":3,"4":3,"5":1,"6":2,"7":2,"8":1,"9":0,"10":1,"11":0,"12":1},"b":{"0":[1,3],"1":[4,3],"2":[1,0],"3":[1,1],"4":[1,1]},"_coverageSchema":"1a1c01bbd47fc00a2c39e90264f33305004495a9","hash":"8e78bb1cdcf95145b17457d5aaa15c73f5987d28"}
}
