TN:
SF:source\appearance.js
FN:15,squareColourRestarter
FN:22,brightAssigner
FNF:2
FNH:2
FNDA:5,squareColourRestarter
FNDA:9,brightAssigner
DA:3,3
DA:4,3
DA:5,3
DA:6,3
DA:8,3
DA:16,5
DA:17,5
DA:18,5
DA:19,5
DA:23,9
DA:24,9
DA:25,2
DA:26,7
DA:27,2
DA:28,5
DA:29,2
DA:30,3
DA:31,2
LF:18
LH:18
BRDA:24,0,0,2
BRDA:24,0,1,7
BRDA:26,1,0,2
BRDA:26,1,1,5
BRDA:28,2,0,2
BRDA:28,2,1,3
BRDA:30,3,0,2
BRDA:30,3,1,1
BRF:8
BRH:8
end_of_record
TN:
SF:source\functions.js
FN:8,newValueAssigner
FN:10,orderAssigner
FN:25,ingameServerMessages
FNF:3
FNH:3
FNDA:4,newValueAssigner
FNDA:4,orderAssigner
FNDA:5,ingameServerMessages
DA:6,2
DA:9,4
DA:11,4
DA:12,1
DA:13,3
DA:14,1
DA:15,2
DA:16,1
DA:18,1
DA:21,4
DA:22,4
DA:26,5
DA:27,1
DA:28,4
DA:29,1
DA:30,3
DA:31,1
DA:32,2
DA:33,1
DA:34,1
DA:35,1
LF:21
LH:21
BRDA:11,0,0,1
BRDA:11,0,1,3
BRDA:13,1,0,1
BRDA:13,1,1,2
BRDA:15,2,0,1
BRDA:15,2,1,1
BRDA:26,3,0,1
BRDA:26,3,1,4
BRDA:28,4,0,1
BRDA:28,4,1,3
BRDA:28,5,0,4
BRDA:28,5,1,4
BRDA:30,6,0,1
BRDA:30,6,1,2
BRDA:32,7,0,1
BRDA:32,7,1,1
BRDA:34,8,0,1
BRDA:34,8,1,0
BRF:18
BRH:17
end_of_record
TN:
SF:source\main.js
FN:17,gameInProcess
FN:23,computerTurn
FN:28,previousTurnsShower
FN:36,intervalCanceller
FN:47,runGamerTurn
FN:50,passToComputerTurn
FN:61,resultsChecker
FN:62,resultsChecker2
FN:83,greenClick
FN:89,yellowClick
FN:95,redClick
FN:101,blueClick
FN:111,cancelGame
FNF:13
FNH:0
FNDA:0,gameInProcess
FNDA:0,computerTurn
FNDA:0,previousTurnsShower
FNDA:0,intervalCanceller
FNDA:0,runGamerTurn
FNDA:0,passToComputerTurn
FNDA:0,resultsChecker
FNDA:0,resultsChecker2
FNDA:0,greenClick
FNDA:0,yellowClick
FNDA:0,redClick
FNDA:0,blueClick
FNDA:0,cancelGame
DA:10,2
DA:11,2
DA:13,2
DA:14,2
DA:15,2
DA:18,0
DA:19,0
DA:20,0
DA:24,0
DA:25,0
DA:26,0
DA:29,0
DA:30,0
DA:31,0
DA:32,0
DA:37,0
DA:38,0
DA:41,0
DA:42,0
DA:43,0
DA:44,0
DA:48,0
DA:51,0
DA:52,0
DA:53,0
DA:54,0
DA:55,0
DA:56,0
DA:57,0
DA:63,0
DA:64,0
DA:66,0
DA:69,0
DA:70,0
DA:71,0
DA:72,0
DA:74,0
DA:75,0
DA:76,0
DA:77,0
DA:78,0
DA:79,0
DA:83,0
DA:84,0
DA:85,0
DA:86,0
DA:89,0
DA:90,0
DA:91,0
DA:92,0
DA:95,0
DA:96,0
DA:97,0
DA:98,0
DA:101,0
DA:102,0
DA:103,0
DA:104,0
DA:106,0
DA:108,0
DA:112,0
DA:113,0
DA:114,0
DA:115,0
DA:116,0
DA:117,0
DA:118,0
LF:67
LH:5
BRDA:31,0,0,0
BRDA:31,0,1,0
BRDA:31,1,0,0
BRDA:31,1,1,0
BRDA:51,2,0,0
BRDA:51,2,1,0
BRDA:63,3,0,0
BRDA:63,3,1,0
BRDA:69,4,0,0
BRDA:69,4,1,0
BRF:10
BRH:0
end_of_record
