TN:
SF:source\appearance.js
FN:15,squareColourRestarter
FN:22,brightAssigner
FNF:2
FNH:2
FNDA:12,squareColourRestarter
FNDA:16,brightAssigner
DA:3,3
DA:4,3
DA:5,3
DA:6,3
DA:8,3
DA:16,12
DA:17,12
DA:18,12
DA:19,12
DA:23,16
DA:24,16
DA:25,4
DA:26,12
DA:27,2
DA:28,10
DA:29,6
DA:30,4
DA:31,2
LF:18
LH:18
BRDA:24,0,0,4
BRDA:24,0,1,12
BRDA:26,1,0,2
BRDA:26,1,1,10
BRDA:28,2,0,6
BRDA:28,2,1,4
BRDA:30,3,0,2
BRDA:30,3,1,2
BRF:8
BRH:8
end_of_record
TN:
SF:source\functions.js
FN:8,newValueAssigner
FN:10,orderAssigner
FN:25,ingameServerMessages
FNF:3
FNH:3
FNDA:5,newValueAssigner
FNDA:5,orderAssigner
FNDA:6,ingameServerMessages
DA:6,2
DA:9,5
DA:11,5
DA:12,2
DA:13,3
DA:14,1
DA:15,2
DA:16,1
DA:18,1
DA:21,5
DA:22,5
DA:26,6
DA:27,1
DA:28,5
DA:29,1
DA:30,4
DA:31,1
DA:32,3
DA:33,1
DA:34,2
DA:35,1
LF:21
LH:21
BRDA:11,0,0,2
BRDA:11,0,1,3
BRDA:13,1,0,1
BRDA:13,1,1,2
BRDA:15,2,0,1
BRDA:15,2,1,1
BRDA:26,3,0,1
BRDA:26,3,1,5
BRDA:28,4,0,1
BRDA:28,4,1,4
BRDA:28,5,0,5
BRDA:28,5,1,4
BRDA:30,6,0,1
BRDA:30,6,1,3
BRDA:32,7,0,1
BRDA:32,7,1,2
BRDA:34,8,0,1
BRDA:34,8,1,1
BRF:18
BRH:18
end_of_record
TN:
SF:source\main.js
FN:17,gameInProcess
FN:25,computerTurn
FN:30,previousTurnsShower
FN:38,intervalCanceller
FN:49,runGamerTurn
FN:52,passToComputerTurn
FN:63,resultsChecker
FN:64,resultsChecker2
FN:84,greenClick
FN:90,yellowClick
FN:96,redClick
FN:102,blueClick
FN:112,cancelGame
FNF:13
FNH:11
FNDA:2,gameInProcess
FNDA:3,computerTurn
FNDA:4,previousTurnsShower
FNDA:3,intervalCanceller
FNDA:3,runGamerTurn
FNDA:1,passToComputerTurn
FNDA:2,resultsChecker
FNDA:2,resultsChecker2
FNDA:1,greenClick
FNDA:0,yellowClick
FNDA:1,redClick
FNDA:0,blueClick
FNDA:1,cancelGame
DA:10,2
DA:11,2
DA:13,2
DA:14,2
DA:15,2
DA:18,2
DA:19,2
DA:21,2
DA:22,2
DA:26,3
DA:27,3
DA:28,3
DA:31,4
DA:32,4
DA:33,4
DA:34,1
DA:39,3
DA:40,3
DA:43,3
DA:44,3
DA:45,3
DA:46,3
DA:50,3
DA:53,1
DA:54,1
DA:55,1
DA:56,1
DA:57,1
DA:58,1
DA:59,1
DA:65,2
DA:66,1
DA:68,1
DA:71,2
DA:72,1
DA:73,1
DA:74,1
DA:76,1
DA:77,1
DA:78,1
DA:79,1
DA:80,1
DA:84,3
DA:85,1
DA:86,1
DA:87,1
DA:90,3
DA:91,0
DA:92,0
DA:93,0
DA:96,3
DA:97,1
DA:98,1
DA:99,1
DA:102,3
DA:103,0
DA:104,0
DA:105,0
DA:107,3
DA:109,2
DA:113,1
DA:114,1
DA:115,1
DA:116,1
DA:117,1
DA:118,1
DA:119,1
LF:67
LH:61
BRDA:33,0,0,1
BRDA:33,0,1,3
BRDA:33,1,0,4
BRDA:33,1,1,3
BRDA:53,2,0,1
BRDA:53,2,1,0
BRDA:65,3,0,1
BRDA:65,3,1,1
BRDA:71,4,0,1
BRDA:71,4,1,1
BRF:10
BRH:9
end_of_record
